Arguments: 
  C:\Program Files\nodejs\node.exe C:\Users\TRACE\AppData\Roaming\npm\node_modules\yarn\bin\yarn.js add @expo/vector-icons react-native-elements firebase expo-status-bar

PATH: 
  C:\WINDOWS\system32;C:\WINDOWS;C:\WINDOWS\System32\Wbem;C:\WINDOWS\System32\WindowsPowerShell\v1.0\;C:\WINDOWS\System32\OpenSSH\;C:\Program Files\Git\cmd;C:\Program Files\nodejs\;C:\WINDOWS\system32\config\systemprofile\AppData\Roaming\npm;C:\Program Files\nodejs\node_modules\npm;C:\Users\TRACE\AppData\Roaming\npm;C:\FFmpeg\bin;C:\Users\TRACE\AppData\Local\Programs\Python\Python39\Scripts\;C:\Users\TRACE\AppData\Local\Programs\Python\Python39\;C:\Users\TRACE\AppData\Local\Microsoft\WindowsApps;C:\Program Files\JetBrains\PyCharm Community Edition 2021.1.1\bin;;C:\Users\TRACE\AppData\Local\Programs\Microsoft VS Code\bin;C:\Windows.old\Users\h-p\flutter_windows_1.22.5-stable\flutter\bin;C:\Users\TRACE\AppData\Roaming\npm;C:\Program Files\heroku\bin

Yarn version: 
  1.22.10

Node version: 
  14.17.1

Platform: 
  win32 x64

Trace: 
  Error: connect ECONNABORTED 104.16.21.35:443
      at TCPConnectWrap.afterConnect [as oncomplete] (net.js:1148:16)

npm manifest: 
  {
    "main": "node_modules/expo/AppEntry.js",
    "scripts": {
      "start": "expo start",
      "android": "expo start --android",
      "ios": "expo start --ios",
      "web": "expo start --web",
      "eject": "expo eject"
    },
    "dependencies": {
      "expo": "~42.0.1",
      "expo-status-bar": "~1.0.4",
      "react": "16.13.1",
      "react-dom": "16.13.1",
      "react-native": "https://github.com/expo/react-native/archive/sdk-42.0.0.tar.gz",
      "react-native-web": "~0.13.12"
    },
    "devDependencies": {
      "@babel/core": "^7.9.0"
    },
    "private": true
  }

yarn manifest: 
  No manifest

Lockfile: 
  No lockfile
